# JRE version: OpenJDK Runtime Environment (17.0.6) (build 17.0.6+0-b2043.56-10027231)
# Java VM: OpenJDK 64-Bit Server VM (17.0.6+0-b2043.56-10027231, mixed mode, tiered, compressed oops, compressed class ptrs, g1 gc, windows-amd64)
GC Precious Log:
 CPUs: 8 total, 8 available
 Memory: 7959M
 Large Page Support: Disabled
 NUMA Support: Disabled
 Compressed Oops: Enabled (32-bit)
 Heap Region Size: 1M
 Heap Min Capacity: 8M
 Heap Initial Capacity: 126M
 Heap Max Capacity: 2G
 Pre-touch: Disabled
 Parallel Workers: 8
 Concurrent Workers: 2
 Concurrent Refinement Workers: 8
 Periodic GC: Disabled
Heap:
 garbage-first heap   total 374784K, used 207195K [0x0000000080000000, 0x0000000100000000)
  region size 1024K, 9 young (9216K), 9 survivors (9216K)
 Metaspace       used 142290K, committed 143424K, reserved 1179648K
  class space    used 19116K, committed 19648K, reserved 1048576K
GC Heap History (20 events):
Event: 111.866 GC heap after
{Heap after GC invocations=48 (full 0):
 garbage-first heap   total 374784K, used 120910K [0x0000000080000000, 0x0000000100000000)
  region size 1024K, 2 young (2048K), 2 survivors (2048K)
 Metaspace       used 134925K, committed 135808K, reserved 1171456K
  class space    used 18171K, committed 18624K, reserved 1048576K
}
Event: 163.870 GC heap before
{Heap before GC invocations=48 (full 0):
 garbage-first heap   total 374784K, used 319566K [0x0000000080000000, 0x0000000100000000)
  region size 1024K, 165 young (168960K), 2 survivors (2048K)
 Metaspace       used 135529K, committed 136448K, reserved 1171456K
  class space    used 18196K, committed 18624K, reserved 1048576K
}
Event: 163.874 GC heap after
{Heap after GC invocations=49 (full 0):
 garbage-first heap   total 374784K, used 120300K [0x0000000080000000, 0x0000000100000000)
  region size 1024K, 1 young (1024K), 1 survivors (1024K)
 Metaspace       used 135529K, committed 136448K, reserved 1171456K
  class space    used 18196K, committed 18624K, reserved 1048576K
}
Event: 560.843 GC heap before
{Heap before GC invocations=50 (full 0):
 garbage-first heap   total 374784K, used 353280K [0x0000000080000000, 0x0000000100000000)
  region size 1024K, 178 young (182272K), 1 survivors (1024K)
 Metaspace       used 136950K, committed 137984K, reserved 1171456K
  class space    used 18396K, committed 18880K, reserved 1048576K
}
Event: 560.914 GC heap after
{Heap after GC invocations=51 (full 0):
 garbage-first heap   total 374784K, used 145144K [0x0000000080000000, 0x0000000100000000)
  region size 1024K, 6 young (6144K), 6 survivors (6144K)
 Metaspace       used 136950K, committed 137984K, reserved 1171456K
  class space    used 18396K, committed 18880K, reserved 1048576K
}
Event: 561.863 GC heap before
{Heap before GC invocations=51 (full 0):
 garbage-first heap   total 374784K, used 162552K [0x0000000080000000, 0x0000000100000000)
  region size 1024K, 18 young (18432K), 6 survivors (6144K)
 Metaspace       used 137641K, committed 138688K, reserved 1171456K
  class space    used 18484K, committed 18944K, reserved 1048576K
}
Event: 561.903 GC heap after
{Heap after GC invocations=52 (full 0):
 garbage-first heap   total 374784K, used 141139K [0x0000000080000000, 0x0000000100000000)
  region size 1024K, 3 young (3072K), 3 survivors (3072K)
 Metaspace       used 137641K, committed 138688K, reserved 1171456K
  class space    used 18484K, committed 18944K, reserved 1048576K
}
Event: 562.903 GC heap before
{Heap before GC invocations=52 (full 0):
 garbage-first heap   total 374784K, used 193363K [0x0000000080000000, 0x0000000100000000)
  region size 1024K, 55 young (56320K), 3 survivors (3072K)
 Metaspace       used 139003K, committed 140096K, reserved 1171456K
  class space    used 18680K, committed 19200K, reserved 1048576K
}
Event: 562.921 GC heap after
{Heap after GC invocations=53 (full 0):
 garbage-first heap   total 374784K, used 146149K [0x0000000080000000, 0x0000000100000000)
  region size 1024K, 8 young (8192K), 8 survivors (8192K)
 Metaspace       used 139003K, committed 140096K, reserved 1171456K
  class space    used 18680K, committed 19200K, reserved 1048576K
}
Event: 565.647 GC heap before
{Heap before GC invocations=54 (full 0):
 garbage-first heap   total 374784K, used 323301K [0x0000000080000000, 0x0000000100000000)
  region size 1024K, 156 young (159744K), 8 survivors (8192K)
 Metaspace       used 141694K, committed 142848K, reserved 1179648K
  class space    used 19055K, committed 19584K, reserved 1048576K
}
Event: 565.711 GC heap after
{Heap after GC invocations=55 (full 0):
 garbage-first heap   total 374784K, used 195103K [0x0000000080000000, 0x0000000100000000)
  region size 1024K, 20 young (20480K), 20 survivors (20480K)
 Metaspace       used 141694K, committed 142848K, reserved 1179648K
  class space    used 19055K, committed 19584K, reserved 1048576K
}
Event: 565.723 GC heap before
{Heap before GC invocations=55 (full 0):
 garbage-first heap   total 374784K, used 196127K [0x0000000080000000, 0x0000000100000000)
  region size 1024K, 21 young (21504K), 20 survivors (20480K)
 Metaspace       used 141694K, committed 142848K, reserved 1179648K
  class space    used 19055K, committed 19584K, reserved 1048576K
}
Event: 565.749 GC heap after
{Heap after GC invocations=56 (full 0):
 garbage-first heap   total 374784K, used 193396K [0x0000000080000000, 0x0000000100000000)
  region size 1024K, 2 young (2048K), 2 survivors (2048K)
 Metaspace       used 141694K, committed 142848K, reserved 1179648K
  class space    used 19055K, committed 19584K, reserved 1048576K
}
Event: 567.679 GC heap before
{Heap before GC invocations=56 (full 0):
 garbage-first heap   total 374784K, used 297844K [0x0000000080000000, 0x0000000100000000)
  region size 1024K, 104 young (106496K), 2 survivors (2048K)
 Metaspace       used 141698K, committed 142848K, reserved 1179648K
  class space    used 19056K, committed 19584K, reserved 1048576K
}
Event: 567.687 GC heap after
{Heap after GC invocations=57 (full 0):
 garbage-first heap   total 374784K, used 196799K [0x0000000080000000, 0x0000000100000000)
  region size 1024K, 5 young (5120K), 5 survivors (5120K)
 Metaspace       used 141698K, committed 142848K, reserved 1179648K
  class space    used 19056K, committed 19584K, reserved 1048576K
}
Event: 569.302 GC heap before
{Heap before GC invocations=58 (full 0):
 garbage-first heap   total 374784K, used 303295K [0x0000000080000000, 0x0000000100000000)
  region size 1024K, 109 young (111616K), 5 survivors (5120K)
 Metaspace       used 141698K, committed 142848K, reserved 1179648K
  class space    used 19056K, committed 19584K, reserved 1048576K
}
Event: 569.309 GC heap after
{Heap after GC invocations=59 (full 0):
 garbage-first heap   total 374784K, used 201931K [0x0000000080000000, 0x0000000100000000)
  region size 1024K, 10 young (10240K), 10 survivors (10240K)
 Metaspace       used 141698K, committed 142848K, reserved 1179648K
  class space    used 19056K, committed 19584K, reserved 1048576K
}
Event: 569.398 GC heap before
{Heap before GC invocations=59 (full 0):
 garbage-first heap   total 374784K, used 225483K [0x0000000080000000, 0x0000000100000000)
  region size 1024K, 18 young (18432K), 10 survivors (10240K)
 Metaspace       used 141698K, committed 142848K, reserved 1179648K
  class space    used 19056K, committed 19584K, reserved 1048576K
}
Event: 569.409 GC heap after
{Heap after GC invocations=60 (full 0):
 garbage-first heap   total 374784K, used 217366K [0x0000000080000000, 0x0000000100000000)
  region size 1024K, 2 young (2048K), 2 survivors (2048K)
 Metaspace       used 141698K, committed 142848K, reserved 1179648K
  class space    used 19056K, committed 19584K, reserved 1048576K
}
Event: 569.615 GC heap before
{Heap before GC invocations=60 (full 0):
 garbage-first heap   total 374784K, used 240918K [0x0000000080000000, 0x0000000100000000)
  region size 1024K, 27 young (27648K), 2 survivors (2048K)
 Metaspace       used 142290K, committed 143424K, reserved 1179648K
  class space    used 19116K, committed 19648K, reserved 1048576K
}

